[11:40:39] [main/INFO]: Environment: authHost='https://authserver.mojang.com', accountsHost='https://api.mojang.com', sessionHost='https://sessionserver.mojang.com', name='PROD'
[11:40:40] [main/WARN]: Ambiguity between arguments [teleport, destination] and [teleport, targets] with inputs: [Player, 0123, @e, dd12be42-52a9-4a91-a8a1-11c01849e498]
[11:40:40] [main/WARN]: Ambiguity between arguments [teleport, location] and [teleport, destination] with inputs: [0.1 -0.5 .9, 0 0 0]
[11:40:40] [main/WARN]: Ambiguity between arguments [teleport, location] and [teleport, targets] with inputs: [0.1 -0.5 .9, 0 0 0]
[11:40:40] [main/WARN]: Ambiguity between arguments [teleport, targets] and [teleport, destination] with inputs: [Player, 0123, dd12be42-52a9-4a91-a8a1-11c01849e498]
[11:40:40] [main/WARN]: Ambiguity between arguments [teleport, targets, location] and [teleport, targets, destination] with inputs: [0.1 -0.5 .9, 0 0 0]
[11:40:40] [main/INFO]: Reloading ResourceManager: Default, bukkit
[11:40:41] [Worker-Main-14/INFO]: Loaded 7 recipes
[11:40:43] [Worker-Main-14/INFO]: Loaded 927 advancements
[11:40:45] [Server thread/INFO]: Starting minecraft server version 1.16.2
[11:40:45] [Server thread/INFO]: Loading properties
[11:40:45] [Server thread/INFO]: Default game type: SURVIVAL
[11:40:45] [Server thread/INFO]: Generating keypair
[11:40:46] [Server thread/INFO]: Starting Minecraft server on 192.168.1.38:25565
[11:40:46] [Server thread/INFO]: Using default channel type
[11:40:49] [Server thread/WARN]: **** SERVER IS RUNNING IN OFFLINE/INSECURE MODE!
[11:40:49] [Server thread/WARN]: The server will make no attempt to authenticate usernames. Beware.
[11:40:49] [Server thread/WARN]: While this makes the game possible to play without internet access, it also opens up the ability for hackers to connect with any username they choose.
[11:40:49] [Server thread/WARN]: To change this, set "online-mode" to "true" in the server.properties file.
[11:40:49] [Server thread/INFO]: Preparing level "world"
[11:40:50] [Server thread/INFO]: Preparing start region for dimension minecraft:overworld
[11:40:52] [Server thread/INFO]: Preparing spawn area: 0%
[11:40:52] [Server thread/INFO]: Preparing spawn area: 0%
[11:40:52] [Server thread/INFO]: Preparing spawn area: 0%
[11:40:52] [Server thread/INFO]: Preparing spawn area: 0%
[11:40:52] [Server thread/INFO]: Preparing spawn area: 0%
[11:40:52] [Server thread/INFO]: Preparing spawn area: 0%
[11:40:53] [Server thread/INFO]: Preparing spawn area: 58%
[11:40:53] [Server thread/INFO]: Preparing spawn area: 83%
[11:40:56] [Server thread/INFO]: Time elapsed: 5971 ms
[11:40:56] [Server thread/INFO]: Done (6.263s)! For help, type "help"
