[15:01:33] [main/INFO]: Environment: authHost='https://authserver.mojang.com', accountsHost='https://api.mojang.com', sessionHost='https://sessionserver.mojang.com', servicesHost='https://api.minecraftservices.com', name='PROD'
[15:01:34] [main/INFO]: Reloading ResourceManager: Default, bukkit
[15:01:35] [Worker-Main-12/INFO]: Loaded 7 recipes
[15:01:37] [Server thread/INFO]: Starting minecraft server version 1.16.4
[15:01:37] [Server thread/INFO]: Loading properties
[15:01:37] [Server thread/INFO]: This server is running CraftBukkit version git-Spigot-37d799b-3eb7236 (MC: 1.16.4) (Implementing API version 1.16.4-R0.1-SNAPSHOT)
[15:01:37] [Server thread/INFO]: Debug logging is disabled
[15:01:37] [Server thread/INFO]: Server Ping Player Sample Count: 12
[15:01:37] [Server thread/INFO]: Using 4 threads for Netty based IO
[15:01:37] [Server thread/INFO]: Default game type: SURVIVAL
[15:01:37] [Server thread/INFO]: Generating keypair
[15:01:38] [Server thread/INFO]: Starting Minecraft server on 192.168.1.45:25565
[15:01:38] [Server thread/INFO]: Using default channel type
[15:01:42] [Server thread/WARN]: Initializing Legacy Material Support. Unless you have legacy plugins and/or data this is a bug!
[15:01:46] [Server thread/WARN]: Legacy plugin SimpleJail v2.1.1 does not specify an api-version.
[15:01:47] [Server thread/WARN]: Legacy plugin ChestCommands v3.1.4 does not specify an api-version.
[15:01:47] [Server thread/INFO]: [SkinsRestorer] Loading SkinsRestorer v13.8.8
[15:01:47] [Server thread/INFO]: [Minepacks] Loading Minepacks v2.3.21.2-Release
[15:01:47] [Server thread/INFO]: [Minepacks] PCGF-PluginLib not installed. Switching to standalone mode!
[15:01:47] [Server thread/INFO]: [GroupManager] Loading GroupManager v2.9 (Phoenix)
[15:01:47] [Server thread/INFO]: [VillagerOptimiser] Loading VillagerOptimiser v1.1.5
[15:01:47] [Server thread/INFO]: [ClearLag] Loading ClearLag v3.2.2
[15:01:47] [Server thread/INFO]: [LimitPillagers] Loading LimitPillagers v3.0.0
[15:01:47] [Server thread/INFO]: [SimpleJail] Loading SimpleJail v2.1.1
[15:01:47] [Server thread/INFO]: [Vault] Loading Vault v1.7.3-b131
[15:01:47] [Server thread/INFO]: [MyCommand] Loading MyCommand v5.6.9
[15:01:47] [Server thread/INFO]: [Multiverse-Core] Loading Multiverse-Core v4.2.2-b812
[15:01:47] [Server thread/INFO]: [EntityTrackerFixer] Loading EntityTrackerFixer v1.3.3
[15:01:47] [Server thread/INFO]: [ChestCommands] Loading ChestCommands v3.1.4
[15:01:47] [Server thread/INFO]: [Essentials] Loading Essentials v2.18.2.0
[15:01:47] [Server thread/INFO]: [EssentialsChat] Loading EssentialsChat v2.18.2.0
[15:01:47] [Server thread/INFO]: [Jobs] Loading Jobs v4.17.0
[15:01:47] [Server thread/INFO]: [EssentialsSpawn] Loading EssentialsSpawn v2.18.2.0
[15:01:47] [Server thread/INFO]: [LimitPillagers] Enabling LimitPillagers v3.0.0
[15:01:47] [Server thread/INFO]: [LimitPillagers] Registering commands...
[15:01:47] [Server thread/INFO]: [LimitPillagers] Registering listeners...
[15:01:47] [Server thread/INFO]: [LimitPillagers] Loading config.yml...
[15:01:47] [Server thread/INFO]: [LimitPillagers] Registering metrics...
[15:01:47] [Server thread/INFO]: [LimitPillagers] 
[15:01:47] [Server thread/INFO]: [LimitPillagers] If you are still having Pillager related lag after using this plugin you can do the following:
[15:01:47] [Server thread/INFO]: [LimitPillagers] - Increase the limiter check distance between Pillagers
[15:01:47] [Server thread/INFO]: [LimitPillagers] - Lower the stop at amount of the limiter
[15:01:47] [Server thread/INFO]: [LimitPillagers] - Enable the remover which will remove all Pillagers in future loaded chunks (Good for if you have already have mass pillagers saved in unloaded chunks before this plugin)
[15:01:47] [Server thread/INFO]: [LimitPillagers] - Enable the stopper to remove all future Pillager spawners (Last resort)
[15:01:47] [Server thread/INFO]: [LimitPillagers] 
[15:01:47] [Server thread/INFO]: [LimitPillagers] I also HIGHLY recommend to follow this guide for an overall increase of performance: https://www.spigotmc.org/threads/283181/
[15:01:47] [Server thread/INFO]: [LimitPillagers] 
[15:01:47] [Server thread/INFO]: [LimitPillagers] Done and enabled in 61,72ms
[15:01:47] [Server thread/INFO]: [Vault] Enabling Vault v1.7.3-b131
[15:01:47] [Server thread/WARN]: [Vault] Loaded class com.earth2me.essentials.api.Economy from Essentials v2.18.2.0 which is not a depend, softdepend or loadbefore of this plugin.
[15:01:47] [Server thread/INFO]: [Vault] [Economy] Essentials Economy found: Waiting
[15:01:47] [Server thread/WARN]: [Vault] Loaded class org.anjocaido.groupmanager.GroupManager from GroupManager v2.9 (Phoenix) which is not a depend, softdepend or loadbefore of this plugin.
[15:01:47] [Server thread/INFO]: [Vault] [Permission] GroupManager found: Waiting
[15:01:47] [Server thread/INFO]: [Vault] [Permission] SuperPermissions loaded as backup permission system.
[15:01:47] [Server thread/INFO]: [Vault] [Chat] GroupManager found: Waiting
[15:01:47] [Server thread/INFO]: [Vault] Enabled Version 1.7.3-b131
[15:01:47] [Server thread/WARN]: **** SERVER IS RUNNING IN OFFLINE/INSECURE MODE!
[15:01:47] [Server thread/WARN]: The server will make no attempt to authenticate usernames. Beware.
[15:01:47] [Server thread/WARN]: While this makes the game possible to play without internet access, it also opens up the ability for hackers to connect with any username they choose.
[15:01:47] [Server thread/WARN]: To change this, set "online-mode" to "true" in the server.properties file.
[15:01:47] [Server thread/INFO]: Preparing level "world"
[15:01:47] [Server thread/INFO]: -------- World Settings For [world] --------
[15:01:47] [Server thread/INFO]: Nerfing mobs spawned from spawners: false
[15:01:47] [Server thread/INFO]: Custom Map Seeds:  Village: 10387312 Desert: 14357617 Igloo: 14357618 Jungle: 14357619 Swamp: 14357620 Monument: 10387313 Ocean: 14357621 Shipwreck: 165745295 End City: 10387313 Slime: 987234911 Bastion: 30084232 Fortress: 30084232 Mansion: 10387319 Fossil: 14357921 Portal: 34222645
[15:01:47] [Server thread/INFO]: Zombie Aggressive Towards Villager: true
[15:01:47] [Server thread/INFO]: Entity Activation Range: An 32 / Mo 32 / Ra 48 / Mi 16 / Tiv true
[15:01:47] [Server thread/INFO]: Cactus Growth Modifier: 100%
[15:01:47] [Server thread/INFO]: Cane Growth Modifier: 100%
[15:01:47] [Server thread/INFO]: Melon Growth Modifier: 100%
[15:01:47] [Server thread/INFO]: Mushroom Growth Modifier: 100%
[15:01:47] [Server thread/INFO]: Pumpkin Growth Modifier: 100%
[15:01:47] [Server thread/INFO]: Sapling Growth Modifier: 100%
[15:01:47] [Server thread/INFO]: Beetroot Growth Modifier: 100%
[15:01:47] [Server thread/INFO]: Carrot Growth Modifier: 100%
[15:01:47] [Server thread/INFO]: Potato Growth Modifier: 100%
[15:01:47] [Server thread/INFO]: Wheat Growth Modifier: 100%
[15:01:47] [Server thread/INFO]: NetherWart Growth Modifier: 100%
[15:01:47] [Server thread/INFO]: Vine Growth Modifier: 100%
[15:01:47] [Server thread/INFO]: Cocoa Growth Modifier: 100%
[15:01:47] [Server thread/INFO]: Bamboo Growth Modifier: 100%
[15:01:47] [Server thread/INFO]: SweetBerry Growth Modifier: 100%
[15:01:47] [Server thread/INFO]: Kelp Growth Modifier: 100%
[15:01:47] [Server thread/INFO]: Hopper Transfer: 8 Hopper Check: 1 Hopper Amount: 1
[15:01:47] [Server thread/INFO]: Mob Spawn Range: 6
[15:01:47] [Server thread/INFO]: Experience Merge Radius: 3.0
[15:01:47] [Server thread/INFO]: Max TNT Explosions: 100
[15:01:47] [Server thread/INFO]: Tile Max Tick Time: 50ms Entity max Tick Time: 50ms
[15:01:47] [Server thread/INFO]: Entity Tracking Range: Pl 48 / An 48 / Mo 48 / Mi 32 / Other 64
[15:01:47] [Server thread/INFO]: Item Despawn Rate: 6000
[15:01:47] [Server thread/INFO]: Item Merge Radius: 2.5
[15:01:47] [Server thread/INFO]: Allow Zombie Pigmen to spawn from portal blocks: true
[15:01:47] [Server thread/INFO]: View Distance: 20
[15:01:47] [Server thread/INFO]: Arrow Despawn Rate: 1200 Trident Respawn Rate:1200
[15:01:47] [Server thread/INFO]: -------- World Settings For [world_nether] --------
[15:01:47] [Server thread/INFO]: Nerfing mobs spawned from spawners: false
[15:01:47] [Server thread/INFO]: Custom Map Seeds:  Village: 10387312 Desert: 14357617 Igloo: 14357618 Jungle: 14357619 Swamp: 14357620 Monument: 10387313 Ocean: 14357621 Shipwreck: 165745295 End City: 10387313 Slime: 987234911 Bastion: 30084232 Fortress: 30084232 Mansion: 10387319 Fossil: 14357921 Portal: 34222645
[15:01:47] [Server thread/INFO]: Zombie Aggressive Towards Villager: true
[15:01:47] [Server thread/INFO]: Entity Activation Range: An 32 / Mo 32 / Ra 48 / Mi 16 / Tiv true
[15:01:47] [Server thread/INFO]: Cactus Growth Modifier: 100%
[15:01:47] [Server thread/INFO]: Cane Growth Modifier: 100%
[15:01:47] [Server thread/INFO]: Melon Growth Modifier: 100%
[15:01:47] [Server thread/INFO]: Mushroom Growth Modifier: 100%
[15:01:47] [Server thread/INFO]: Pumpkin Growth Modifier: 100%
[15:01:47] [Server thread/INFO]: Sapling Growth Modifier: 100%
[15:01:47] [Server thread/INFO]: Beetroot Growth Modifier: 100%
[15:01:47] [Server thread/INFO]: Carrot Growth Modifier: 100%
[15:01:47] [Server thread/INFO]: Potato Growth Modifier: 100%
[15:01:47] [Server thread/INFO]: Wheat Growth Modifier: 100%
[15:01:47] [Server thread/INFO]: NetherWart Growth Modifier: 100%
[15:01:47] [Server thread/INFO]: Vine Growth Modifier: 100%
[15:01:47] [Server thread/INFO]: Cocoa Growth Modifier: 100%
[15:01:47] [Server thread/INFO]: Bamboo Growth Modifier: 100%
[15:01:47] [Server thread/INFO]: SweetBerry Growth Modifier: 100%
[15:01:47] [Server thread/INFO]: Kelp Growth Modifier: 100%
[15:01:47] [Server thread/INFO]: Hopper Transfer: 8 Hopper Check: 1 Hopper Amount: 1
[15:01:47] [Server thread/INFO]: Mob Spawn Range: 6
[15:01:47] [Server thread/INFO]: Experience Merge Radius: 3.0
[15:01:47] [Server thread/INFO]: Max TNT Explosions: 100
[15:01:47] [Server thread/INFO]: Tile Max Tick Time: 50ms Entity max Tick Time: 50ms
[15:01:47] [Server thread/INFO]: Entity Tracking Range: Pl 48 / An 48 / Mo 48 / Mi 32 / Other 64
[15:01:47] [Server thread/INFO]: Item Despawn Rate: 6000
[15:01:47] [Server thread/INFO]: Item Merge Radius: 2.5
[15:01:47] [Server thread/INFO]: Allow Zombie Pigmen to spawn from portal blocks: true
[15:01:47] [Server thread/INFO]: View Distance: 20
[15:01:47] [Server thread/INFO]: Arrow Despawn Rate: 1200 Trident Respawn Rate:1200
[15:01:47] [Server thread/INFO]: -------- World Settings For [world_the_end] --------
[15:01:47] [Server thread/INFO]: Nerfing mobs spawned from spawners: false
[15:01:47] [Server thread/INFO]: Custom Map Seeds:  Village: 10387312 Desert: 14357617 Igloo: 14357618 Jungle: 14357619 Swamp: 14357620 Monument: 10387313 Ocean: 14357621 Shipwreck: 165745295 End City: 10387313 Slime: 987234911 Bastion: 30084232 Fortress: 30084232 Mansion: 10387319 Fossil: 14357921 Portal: 34222645
[15:01:47] [Server thread/INFO]: Zombie Aggressive Towards Villager: true
[15:01:47] [Server thread/INFO]: Entity Activation Range: An 32 / Mo 32 / Ra 48 / Mi 16 / Tiv true
[15:01:47] [Server thread/INFO]: Cactus Growth Modifier: 100%
[15:01:47] [Server thread/INFO]: Cane Growth Modifier: 100%
[15:01:47] [Server thread/INFO]: Melon Growth Modifier: 100%
[15:01:47] [Server thread/INFO]: Mushroom Growth Modifier: 100%
[15:01:47] [Server thread/INFO]: Pumpkin Growth Modifier: 100%
[15:01:47] [Server thread/INFO]: Sapling Growth Modifier: 100%
[15:01:47] [Server thread/INFO]: Beetroot Growth Modifier: 100%
[15:01:47] [Server thread/INFO]: Carrot Growth Modifier: 100%
[15:01:47] [Server thread/INFO]: Potato Growth Modifier: 100%
[15:01:47] [Server thread/INFO]: Wheat Growth Modifier: 100%
[15:01:47] [Server thread/INFO]: NetherWart Growth Modifier: 100%
[15:01:47] [Server thread/INFO]: Vine Growth Modifier: 100%
[15:01:47] [Server thread/INFO]: Cocoa Growth Modifier: 100%
[15:01:47] [Server thread/INFO]: Bamboo Growth Modifier: 100%
[15:01:47] [Server thread/INFO]: SweetBerry Growth Modifier: 100%
[15:01:47] [Server thread/INFO]: Kelp Growth Modifier: 100%
[15:01:47] [Server thread/INFO]: Hopper Transfer: 8 Hopper Check: 1 Hopper Amount: 1
[15:01:47] [Server thread/INFO]: Mob Spawn Range: 6
[15:01:47] [Server thread/INFO]: Experience Merge Radius: 3.0
[15:01:47] [Server thread/INFO]: Max TNT Explosions: 100
[15:01:47] [Server thread/INFO]: Tile Max Tick Time: 50ms Entity max Tick Time: 50ms
[15:01:47] [Server thread/INFO]: Entity Tracking Range: Pl 48 / An 48 / Mo 48 / Mi 32 / Other 64
[15:01:47] [Server thread/INFO]: Item Despawn Rate: 6000
[15:01:47] [Server thread/INFO]: Item Merge Radius: 2.5
[15:01:47] [Server thread/INFO]: Allow Zombie Pigmen to spawn from portal blocks: true
[15:01:47] [Server thread/INFO]: View Distance: 20
[15:01:47] [Server thread/INFO]: Arrow Despawn Rate: 1200 Trident Respawn Rate:1200
[15:01:48] [Server thread/INFO]: Preparing start region for dimension minecraft:overworld
[15:01:49] [Server thread/INFO]: Preparing spawn area: 0%
[15:01:49] [Server thread/INFO]: Preparing spawn area: 0%
[15:01:49] [Server thread/INFO]: Preparing spawn area: 0%
[15:01:49] [Worker-Main-9/INFO]: Preparing spawn area: 0%
[15:01:50] [Server thread/INFO]: Preparing spawn area: 0%
[15:01:50] [Server thread/INFO]: Time elapsed: 2790 ms
[15:01:50] [Server thread/INFO]: Preparing start region for dimension minecraft:the_nether
[15:01:52] [Server thread/INFO]: Preparing spawn area: 0%
[15:01:52] [Server thread/INFO]: Preparing spawn area: 0%
[15:01:52] [Server thread/INFO]: Preparing spawn area: 0%
[15:01:52] [Server thread/INFO]: Preparing spawn area: 0%
[15:01:52] [Server thread/INFO]: Preparing spawn area: 0%
[15:01:53] [Server thread/INFO]: Time elapsed: 2289 ms
[15:01:53] [Server thread/INFO]: Preparing start region for dimension minecraft:the_end
[15:01:53] [Server thread/INFO]: Preparing spawn area: 0%
[15:01:53] [Server thread/INFO]: Preparing spawn area: 0%
[15:01:54] [Worker-Main-15/INFO]: Preparing spawn area: 83%
[15:01:54] [Worker-Main-8/INFO]: Preparing spawn area: 83%
[15:01:54] [Server thread/INFO]: Time elapsed: 1657 ms
[15:01:54] [Server thread/INFO]: [SkinsRestorer] Enabling SkinsRestorer v13.8.8
[15:01:54] [Server thread/INFO]: [SkinsRestorer] Failed PaperSkinRefresher
[15:01:54] [Server thread/INFO]: [SkinsRestorer] Using SpigotSkinRefresher
[15:01:54] [Server thread/INFO]: [0;33;1m[[0;32;22mSkinsRestorer[0;33;1m] [0;32;1mDetected Minecraft [0;33;1mv1_16_R3[0;32;1m, using [0;33;1mUniversalSkinFactory[0;32;1m.[m
[15:01:56] [Server thread/INFO]: [Minepacks] Enabling Minepacks v2.3.21.2-Release
[15:01:56] [Server thread/INFO]: [Minepacks] Starting Minepacks in standalone mode!
[15:01:57] [Server thread/INFO]: [Minepacks] [32mConfig file successfully loaded.[0m
[15:01:57] [Server thread/INFO]: [Minepacks] [32mLanguage file successfully loaded. Language: english  Author: GeorgH93[0m
[15:01:57] [Server thread/INFO]: Minepacks-Connection-Pool - Starting...
[15:01:57] [Server thread/INFO]: Minepacks-Connection-Pool - Start completed.
[15:01:58] [Server thread/INFO]: [Minepacks] [32mItem name language file successfully loaded. Language: english  Author: GeorgH93[0m
[15:01:58] [Server thread/INFO]: [Minepacks] Loading item translations ...
[15:01:58] [Server thread/INFO]: [Minepacks] Finished loading item translations for 829 items.
[15:01:58] [Server thread/INFO]: [Minepacks] [32m Minepacks has been enabled! [33m :) [0m
[15:01:58] [Server thread/INFO]: [GroupManager] Enabling GroupManager v2.9 (Phoenix)
[15:01:58] [Server thread/INFO]: [GroupManager] World Found: world
[15:01:58] [Server thread/INFO]: [GroupManager] Superperms support enabled.
[15:01:58] [Server thread/INFO]: [GroupManager] Scheduled Data Saving is set for every 10 minutes!
[15:01:58] [Server thread/INFO]: [GroupManager] Backups will be retained for 24 hours!
[15:01:58] [Server thread/INFO]: [GroupManager] version 2.9 (Phoenix) is enabled!
[15:01:58] [Server thread/INFO]: [Vault][Permission] GroupManager hooked.
[15:01:58] [Server thread/INFO]: [Vault] [Vault][Chat] GroupManager - Chat hooked.
[15:01:58] [Server thread/INFO]: [VillagerOptimiser] Enabling VillagerOptimiser v1.1.5
[15:01:58] [Server thread/INFO]: [VillagerOptimiser] Loading config.yml...
[15:01:58] [Server thread/INFO]: [VillagerOptimiser] Successfully loaded config.yml.
[15:01:58] [Server thread/INFO]: [VillagerOptimiser] Successfully enabled.
[15:01:58] [Server thread/INFO]: [ClearLag] Enabling ClearLag v3.2.2
[15:01:58] [Server thread/INFO]: [ClearLag] Using version-adapter: LatestVersionAdapter
[15:01:58] [Server thread/INFO]: [ClearLag] Loading modules...
[15:01:58] [Server thread/INFO]: [ClearLag] Modules enabed, loading config values
[15:01:58] [Server thread/INFO]: [ClearLag] Modules have been loaded!
[15:01:58] [Server thread/INFO]: [ClearLag] Clearlag is now enabled!
[15:01:58] [Server thread/INFO]: [SimpleJail] Enabling SimpleJail v2.1.1
[15:01:58] [Thread-11/INFO]: [ClearLag] Checking for updates compatible with your bukkit version [1.16]...
[15:01:58] [Server thread/INFO]: [MyCommand] Enabling MyCommand v5.6.9
[15:01:58] [Server thread/INFO]: *-=-=-=-=-=-=-=-=-=-* MyCommand *-=-=-=-=-=-=-=-=-=-=-*
[15:01:58] [Server thread/INFO]: | Vault  : Ok. Hooked on Vault 1.7.3-b131
[15:01:58] [Server thread/INFO]: | Command file(s) found : 1
[15:01:59] [Server thread/INFO]: | Config : Ready.
[15:01:59] [Server thread/INFO]: | ProtocolLib not found.
[15:01:59] [Server thread/INFO]: | PlaceholderAPI: Not Found
[15:01:59] [Server thread/INFO]: | Custom commands loaded : 52
[15:01:59] [Server thread/INFO]: | Version: 5.6.9
[15:01:59] [Server thread/INFO]: | Author : emmerrei a.k.a Ivanpro
[15:01:59] [Thread-11/INFO]: [ClearLag] No updates found!
[15:01:59] [Server thread/INFO]: | You are running the latest version of MyCommand.
[15:01:59] [Server thread/INFO]: *-=-=-=-=-=-=-=-=-=-*   Done!   *-=-=-=-=-=-=-=-=-=-=-*
[15:01:59] [Server thread/INFO]: [Multiverse-Core] Enabling Multiverse-Core v4.2.2-b812
[15:01:59] [Server thread/WARN]: [Multiverse-Core] "Multiverse-Core v4.2.2-b812" has registered a listener for org.bukkit.event.entity.EntityCreatePortalEvent on method "public void com.onarandombox.MultiverseCore.listeners.MVPortalListener.entityPortalCreate(org.bukkit.event.entity.EntityCreatePortalEvent)", but the event is Deprecated. "Server performance will be affected"; please notify the authors [dumptruckman, Rigby, fernferret, lithium3141, main--].
[15:01:59] [Server thread/INFO]: [Multiverse-Core] §aWe are aware of the warning about the deprecated event. There is no alternative that allows us to do what we need to do and performance impact is negligible. It is safe to ignore.
[15:01:59] [Server thread/INFO]: -------- World Settings For [city] --------
[15:01:59] [Server thread/INFO]: Nerfing mobs spawned from spawners: false
[15:01:59] [Server thread/INFO]: Custom Map Seeds:  Village: 10387312 Desert: 14357617 Igloo: 14357618 Jungle: 14357619 Swamp: 14357620 Monument: 10387313 Ocean: 14357621 Shipwreck: 165745295 End City: 10387313 Slime: 987234911 Bastion: 30084232 Fortress: 30084232 Mansion: 10387319 Fossil: 14357921 Portal: 34222645
[15:01:59] [Server thread/INFO]: Zombie Aggressive Towards Villager: true
[15:01:59] [Server thread/INFO]: Entity Activation Range: An 32 / Mo 32 / Ra 48 / Mi 16 / Tiv true
[15:01:59] [Server thread/INFO]: Cactus Growth Modifier: 100%
[15:01:59] [Server thread/INFO]: Cane Growth Modifier: 100%
[15:01:59] [Server thread/INFO]: Melon Growth Modifier: 100%
[15:01:59] [Server thread/INFO]: Mushroom Growth Modifier: 100%
[15:01:59] [Server thread/INFO]: Pumpkin Growth Modifier: 100%
[15:01:59] [Server thread/INFO]: Sapling Growth Modifier: 100%
[15:01:59] [Server thread/INFO]: Beetroot Growth Modifier: 100%
[15:01:59] [Server thread/INFO]: Carrot Growth Modifier: 100%
[15:01:59] [Server thread/INFO]: Potato Growth Modifier: 100%
[15:01:59] [Server thread/INFO]: Wheat Growth Modifier: 100%
[15:01:59] [Server thread/INFO]: NetherWart Growth Modifier: 100%
[15:01:59] [Server thread/INFO]: Vine Growth Modifier: 100%
[15:01:59] [Server thread/INFO]: Cocoa Growth Modifier: 100%
[15:01:59] [Server thread/INFO]: Bamboo Growth Modifier: 100%
[15:01:59] [Server thread/INFO]: SweetBerry Growth Modifier: 100%
[15:01:59] [Server thread/INFO]: Kelp Growth Modifier: 100%
[15:01:59] [Server thread/INFO]: Hopper Transfer: 8 Hopper Check: 1 Hopper Amount: 1
[15:01:59] [Server thread/INFO]: Mob Spawn Range: 6
[15:01:59] [Server thread/INFO]: Experience Merge Radius: 3.0
[15:01:59] [Server thread/INFO]: Max TNT Explosions: 100
[15:01:59] [Server thread/INFO]: Tile Max Tick Time: 50ms Entity max Tick Time: 50ms
[15:01:59] [Server thread/INFO]: Entity Tracking Range: Pl 48 / An 48 / Mo 48 / Mi 32 / Other 64
[15:01:59] [Server thread/INFO]: Item Despawn Rate: 6000
[15:01:59] [Server thread/INFO]: Item Merge Radius: 2.5
[15:01:59] [Server thread/INFO]: Allow Zombie Pigmen to spawn from portal blocks: true
[15:01:59] [Server thread/INFO]: View Distance: 20
[15:01:59] [Server thread/INFO]: Arrow Despawn Rate: 1200 Trident Respawn Rate:1200
[15:01:59] [Server thread/INFO]: Preparing start region for dimension minecraft:city
[15:02:00] [Server thread/INFO]: Preparing spawn area: 0%
[15:02:00] [Server thread/INFO]: Preparing spawn area: 0%
[15:02:00] [Server thread/INFO]: Preparing spawn area: 0%
[15:02:01] [Server thread/INFO]: Preparing spawn area: 83%
[15:02:01] [Server thread/INFO]: Time elapsed: 1685 ms
[15:02:01] [Server thread/INFO]: -------- World Settings For [funland] --------
[15:02:01] [Server thread/INFO]: Nerfing mobs spawned from spawners: false
[15:02:01] [Server thread/INFO]: Custom Map Seeds:  Village: 10387312 Desert: 14357617 Igloo: 14357618 Jungle: 14357619 Swamp: 14357620 Monument: 10387313 Ocean: 14357621 Shipwreck: 165745295 End City: 10387313 Slime: 987234911 Bastion: 30084232 Fortress: 30084232 Mansion: 10387319 Fossil: 14357921 Portal: 34222645
[15:02:01] [Server thread/INFO]: Zombie Aggressive Towards Villager: true
[15:02:01] [Server thread/INFO]: Entity Activation Range: An 32 / Mo 32 / Ra 48 / Mi 16 / Tiv true
[15:02:01] [Server thread/INFO]: Cactus Growth Modifier: 100%
[15:02:01] [Server thread/INFO]: Cane Growth Modifier: 100%
[15:02:01] [Server thread/INFO]: Melon Growth Modifier: 100%
[15:02:01] [Server thread/INFO]: Mushroom Growth Modifier: 100%
[15:02:01] [Server thread/INFO]: Pumpkin Growth Modifier: 100%
[15:02:01] [Server thread/INFO]: Sapling Growth Modifier: 100%
[15:02:01] [Server thread/INFO]: Beetroot Growth Modifier: 100%
[15:02:01] [Server thread/INFO]: Carrot Growth Modifier: 100%
[15:02:01] [Server thread/INFO]: Potato Growth Modifier: 100%
[15:02:01] [Server thread/INFO]: Wheat Growth Modifier: 100%
[15:02:01] [Server thread/INFO]: NetherWart Growth Modifier: 100%
[15:02:01] [Server thread/INFO]: Vine Growth Modifier: 100%
[15:02:01] [Server thread/INFO]: Cocoa Growth Modifier: 100%
[15:02:01] [Server thread/INFO]: Bamboo Growth Modifier: 100%
[15:02:01] [Server thread/INFO]: SweetBerry Growth Modifier: 100%
[15:02:01] [Server thread/INFO]: Kelp Growth Modifier: 100%
[15:02:01] [Server thread/INFO]: Hopper Transfer: 8 Hopper Check: 1 Hopper Amount: 1
[15:02:01] [Server thread/INFO]: Mob Spawn Range: 6
[15:02:01] [Server thread/INFO]: Experience Merge Radius: 3.0
[15:02:01] [Server thread/INFO]: Max TNT Explosions: 100
[15:02:01] [Server thread/INFO]: Tile Max Tick Time: 50ms Entity max Tick Time: 50ms
[15:02:01] [Server thread/INFO]: Entity Tracking Range: Pl 48 / An 48 / Mo 48 / Mi 32 / Other 64
[15:02:01] [Server thread/INFO]: Item Despawn Rate: 6000
[15:02:01] [Server thread/INFO]: Item Merge Radius: 2.5
[15:02:01] [Server thread/INFO]: Allow Zombie Pigmen to spawn from portal blocks: true
[15:02:01] [Server thread/INFO]: View Distance: 20
[15:02:01] [Server thread/INFO]: Arrow Despawn Rate: 1200 Trident Respawn Rate:1200
[15:02:01] [Server thread/INFO]: Preparing start region for dimension minecraft:funland
[15:02:02] [Server thread/INFO]: Preparing spawn area: 0%
[15:02:02] [Server thread/INFO]: Preparing spawn area: 0%
[15:02:02] [Server thread/INFO]: Preparing spawn area: 0%
[15:02:02] [Server thread/INFO]: Time elapsed: 1228 ms
[15:02:02] [Server thread/INFO]: [Multiverse-Core] 5 - World(s) loaded.
[15:02:02] [Server thread/INFO]: [Multiverse-Core] Version 4.2.2-b812 (API v24) Enabled - By dumptruckman, Rigby, fernferret, lithium3141 and main--
[15:02:02] [Server thread/INFO]: [EntityTrackerFixer] Enabling EntityTrackerFixer v1.3.3
[15:02:02] [Server thread/INFO]: [EntityTrackerFixer] Setting untrack ticks to: 400
[15:02:02] [Server thread/INFO]: [EntityTrackerFixer] Setting check frequency to: 40
[15:02:02] [Server thread/INFO]: [EntityTrackerFixer] Setting tracking range to: 30
[15:02:02] [Server thread/INFO]: [EntityTrackerFixer] Setting minimun TPS to: 19.5
[15:02:02] [Server thread/INFO]: [EntityTrackerFixer] Setting enable on all worlds to: false
[15:02:02] [Server thread/INFO]: [EntityTrackerFixer] Adding world: world
[15:02:02] [Server thread/INFO]: [EntityTrackerFixer] Adding world: world_nether
[15:02:02] [Server thread/INFO]: [EntityTrackerFixer] Adding world: world_the_end
[15:02:02] [Server thread/INFO]: [EntityTrackerFixer] Setting log to console to: true
[15:02:02] [Server thread/INFO]: [EntityTrackerFixer] Setting disable tick for untracked to: true
[15:02:02] [Server thread/INFO]: [ChestCommands] Enabling ChestCommands v3.1.4
[15:02:03] [Server thread/INFO]: [Essentials] Enabling Essentials v2.18.2.0
[15:02:03] [Server thread/INFO]: [Essentials] You are running a server with limited API functionality. EssentialsX will still work, but certain features may be disabled.
[15:02:03] [Server thread/INFO]: Attempting to convert old kits in config.yml to new kits.yml
[15:02:03] [Server thread/INFO]: No kits found to migrate.
[15:02:03] [Server thread/INFO]: Loaded 25599 items from items.json.
[15:02:03] [Server thread/INFO]: Using locale es
[15:02:03] [Server thread/INFO]: [Essentials] ServerListPingEvent: Spigot iterator API
[15:02:03] [Server thread/INFO]: [Essentials] Starting Metrics. Opt-out using the global bStats config.
[15:02:03] [Server thread/INFO]: [Vault] [Economy] Essentials Economy hooked.
[15:02:03] [Server thread/INFO]: [Essentials] Using Vault based permissions (GroupManager)
[15:02:03] [Server thread/INFO]: [EssentialsChat] Enabling EssentialsChat v2.18.2.0
[15:02:03] [Server thread/INFO]: [EssentialsChat] Starting Metrics. Opt-out using the global bStats config.
[15:02:03] [Server thread/INFO]: [Jobs] Enabling Jobs v4.17.0
[15:02:11] [Server thread/INFO]: [0;33;1m[Jobs] Loaded 8 titles![m
[15:02:11] [Server thread/INFO]: [0;33;1m[Jobs] Loaded 75 protected blocks timers![m
[15:02:11] [Server thread/INFO]: [0;33;1m[Jobs] Loaded 1076 custom item names![m
[15:02:11] [Server thread/INFO]: [0;33;1m[Jobs] Loaded 72 custom entity names![m
[15:02:11] [Server thread/INFO]: [0;33;1m[Jobs] Loaded 2 custom MythicMobs names![m
[15:02:11] [Server thread/INFO]: [0;33;1m[Jobs] Loaded 38 custom enchant names![m
[15:02:11] [Server thread/INFO]: [0;33;1m[Jobs] Loaded 16 custom color names![m
[15:02:11] [Server thread/INFO]: [0;33;1m[Jobs] Loaded 4 shop items![m
[15:02:11] [Server thread/INFO]: [0;33;1m[Jobs] Loaded 1 quests for Hunter[m
[15:02:11] [Server thread/INFO]: [0;33;1m[Jobs] Loaded 1 quests for Crafter[m
[15:02:11] [Server thread/INFO]: [0;33;1m[Jobs] Loaded 1 quests for Fisherman[m
[15:02:11] [Server thread/INFO]: [0;33;1m[Jobs] Loaded 1 quests for Enchanter[m
[15:02:11] [Server thread/INFO]: [0;33;1m[Jobs] Loaded 1 quests for Brewer[m
[15:02:11] [Server thread/INFO]: [0;33;1m[Jobs] Loaded 1 quests for Weaponsmith[m
[15:02:11] [Server thread/INFO]: [0;33;1m[Jobs] Loaded 1 quests for Woodcutter[m
[15:02:11] [Server thread/INFO]: [0;33;1m[Jobs] Loaded 1 quests for Digger[m
[15:02:11] [Server thread/INFO]: [0;33;1m[Jobs] Loaded 1 quests for Explorer[m
[15:02:11] [Server thread/INFO]: [0;33;1m[Jobs] Loaded 1 quests for Farmer[m
[15:02:11] [Server thread/INFO]: [0;33;1m[Jobs] Loaded 1 quests for Builder[m
[15:02:11] [Server thread/INFO]: [0;33;1m[Jobs] Loaded 1 quests for Miner[m
[15:02:11] [Server thread/INFO]: [0;33;1m[Jobs] Loaded 12 jobs![m
[15:02:11] [Server thread/INFO]: [0;33;1m[Jobs] Loaded 81 furnace for reassigning.[m
[15:02:11] [Server thread/INFO]: [0;33;1m[Jobs] Loaded 20 brewing for reassigning.[m
[15:02:11] [Jobs-DatabaseSaveTask/INFO]: [0;33;1m[Jobs] Started database save task.[m
[15:02:11] [Jobs-BufferedPaymentThread/INFO]: [0;33;1m[Jobs] Started buffered payment thread.[m
[15:02:11] [ForkJoinPool.commonPool-worker-1/INFO]: [0;33;1m[Jobs] Preloaded 9 players data in 0.01[m
[15:02:11] [Server thread/INFO]: [0;33;1m[Jobs] Loading explorer data[m
[15:02:11] [Server thread/INFO]: [0;33;1m[Jobs] Loaded explorer data (2171)[m
[15:02:11] [Server thread/INFO]: [0;33;1m[Jobs] Plugin has been enabled successfully.[m
[15:02:11] [Server thread/INFO]: [EssentialsSpawn] Enabling EssentialsSpawn v2.18.2.0
[15:02:11] [Server thread/INFO]: [EssentialsSpawn] Starting Metrics. Opt-out using the global bStats config.
[15:02:11] [Server thread/INFO]: Server permissions file permissions.yml is empty, ignoring it
[15:02:12] [Server thread/INFO]: Done (24.569s)! For help, type "help"
[15:02:12] [Craft Scheduler Thread - 0/INFO]: [LimitPillagers] Checking for updates...
[15:02:12] [Server thread/INFO]: [0;33;1m[Jobs] Successfully linked with Vault.[m
[15:02:12] [Server thread/INFO]: [GroupManager] Bukkit Permissions Updated!
[15:02:12] [Craft Scheduler Thread - 6/INFO]: [Vault] Checking for Updates ... 
[15:02:12] [Server thread/INFO]:  
[15:02:12] [Server thread/INFO]: [0;31;1m#------------------- Chest Commands Errors -------------------#
[15:02:12] [Server thread/INFO]: [0;37;22m1) [0;37;1mTwo menus have the same file name "confcarbon.yml" with different cases. There will be problems opening one of these two menus.
[15:02:12] [Server thread/INFO]: [0;37;22m2) [0;37;1mThe menus "confcarbon.yml" and "confcarbon.yml" have the same command "confcarbon". Only one will be opened.
[15:02:12] [Server thread/INFO]: [0;31;1m#-------------------------------------------------------------#[m
[15:02:12] [Craft Scheduler Thread - 1/INFO]: [0;33;1m[[0;32;22mSkinsRestorer[0;33;1m] [0;32;1m----------------------------------------------[m
[15:02:12] [Craft Scheduler Thread - 1/INFO]: [0;33;1m[[0;32;22mSkinsRestorer[0;33;1m] [0;32;1m    +===============+[m
[15:02:12] [Craft Scheduler Thread - 1/INFO]: [0;33;1m[[0;32;22mSkinsRestorer[0;33;1m] [0;32;1m    | SkinsRestorer |[m
[15:02:12] [Craft Scheduler Thread - 1/INFO]: [0;33;1m[[0;32;22mSkinsRestorer[0;33;1m] [0;32;1m    |---------------|[m
[15:02:12] [Craft Scheduler Thread - 1/INFO]: [0;33;1m[[0;32;22mSkinsRestorer[0;33;1m] [0;32;1m    |   [0;34;1m[4m[21mBukkit only[0;32;1m |[m
[15:02:12] [Craft Scheduler Thread - 1/INFO]: [0;33;1m[[0;32;22mSkinsRestorer[0;33;1m] [0;32;1m    +===============+[m
[15:02:12] [Craft Scheduler Thread - 1/INFO]: [0;33;1m[[0;32;22mSkinsRestorer[0;33;1m] [0;32;1m----------------------------------------------[m
[15:02:12] [Craft Scheduler Thread - 1/INFO]: [0;33;1m[[0;32;22mSkinsRestorer[0;33;1m] [0;36;1m    Current version: [0;32;1m13.8.8[m
[15:02:12] [Craft Scheduler Thread - 1/INFO]: [0;33;1m[[0;32;22mSkinsRestorer[0;33;1m] [0;32;1m    This is the latest version![m
[15:02:12] [Craft Scheduler Thread - 1/INFO]: [0;33;1m[[0;32;22mSkinsRestorer[0;33;1m] [0;32;1m----------------------------------------------[m
[15:02:12] [Craft Scheduler Thread - 5/INFO]: [GroupManager] There was an issue parsing the version string.
[15:02:12] [Craft Scheduler Thread - 5/INFO]: [GroupManager] No new version available
[15:02:12] [Craft Scheduler Thread - 6/INFO]: [Vault] No new version available
[15:02:12] [Craft Scheduler Thread - 0/INFO]: [LimitPillagers] There is no update available!
